2026.01.26 11:03:52 INFO  Started: Metals version 1.6.5 in folders 'C:\Users\NUWAN CHANUKA\OneDrive\Documents\GitHub\SPS-Backend\Backend\sps' for client Visual Studio Code 1.108.1.
2026.01.26 11:03:52 INFO  Memory monitor started
2026.01.26 11:03:53 WARN  Using H2 2.4.240 which is newer than the version Flyway has been verified with. The latest verified version of H2 is 2.3.232.
Jan 28, 2026 10:50:27 AM org.eclipse.lsp4j.jsonrpc.services.GenericEndpoint notify
INFO: Unsupported notification method: $/setTrace
2026.01.28 11:18:09 WARN  no build target for: C:\Users\NUWAN CHANUKA\OneDrive\Documents\GitHub\SPS-Backend\Backend\sps\src\main\java\com\it\sps\service\TaskUserCategoryServiceImpl.java
2026.01.28 11:18:10 INFO  no build target found for C:\Users\NUWAN CHANUKA\OneDrive\Documents\GitHub\SPS-Backend\Backend\sps\src\main\java\com\it\sps\service\TaskUserCategoryServiceImpl.java. Using fallback presentation compiler.
2026.01.28 11:18:11 INFO  no build target found for C:\Users\NUWAN CHANUKA\OneDrive\Documents\GitHub\SPS-Backend\Backend\sps\src\main\java\com\it\sps\service\TaskUserCategoryServiceImpl.java. Using fallback presentation compiler.
2026.01.28 11:18:11 INFO  no build target found for C:\Users\NUWAN CHANUKA\OneDrive\Documents\GitHub\SPS-Backend\Backend\sps\src\main\java\com\it\sps\service\TaskUserCategoryServiceImpl.java. Using fallback presentation compiler.
2026.01.28 11:18:12 INFO  no build target found for C:\Users\NUWAN CHANUKA\OneDrive\Documents\GitHub\SPS-Backend\Backend\sps\src\main\java\com\it\sps\service\TaskUserCategoryServiceImpl.java. Using fallback presentation compiler.
Jan 28, 2026 11:18:12 AM org.eclipse.lsp4j.jsonrpc.RemoteEndpoint handleCancellation
WARNING: Unmatched cancel notification for request id 5
Jan 28, 2026 11:18:12 AM org.eclipse.lsp4j.jsonrpc.RemoteEndpoint handleCancellation
WARNING: Unmatched cancel notification for request id 9
Jan 28, 2026 11:18:12 AM org.eclipse.lsp4j.jsonrpc.RemoteEndpoint handleCancellation
WARNING: Unmatched cancel notification for request id 6
Jan 28, 2026 11:18:12 AM org.eclipse.lsp4j.jsonrpc.RemoteEndpoint handleCancellation
WARNING: Unmatched cancel notification for request id 2
Jan 28, 2026 11:18:12 AM org.eclipse.lsp4j.jsonrpc.RemoteEndpoint handleCancellation
WARNING: Unmatched cancel notification for request id 3
Jan 28, 2026 11:18:12 AM org.eclipse.lsp4j.jsonrpc.RemoteEndpoint handleCancellation
WARNING: Unmatched cancel notification for request id 8
2026.01.28 11:18:11 INFO  no build target found for C:\Users\NUWAN CHANUKA\OneDrive\Documents\GitHub\SPS-Backend\Backend\sps\src\main\java\com\it\sps\service\TaskUserCategoryServiceImpl.java. Using fallback presentation compiler.
Jan 28, 2026 11:18:19 AM org.eclipse.lsp4j.jsonrpc.services.GenericEndpoint notify
INFO: Unsupported notification method: $/setTrace
