2026.01.12 12:40:19 WARN  Using H2 2.4.240 which is newer than the version Flyway has been verified with. The latest verified version of H2 is 2.3.232.
2026.01.12 12:40:21 INFO  no build target found for C:\Users\NUWAN CHANUKA\OneDrive\Documents\GitHub\SPS-Backend\Backend\sps\src\main\java\com\it\sps\repository\projection\PivAccountProjection.java. Using fallback presentation compiler.
2026.01.12 12:40:21 WARN  no build tool detected in workspace 'C:\Users\NUWAN CHANUKA\OneDrive\Documents\GitHub\SPS-Backend'. The most common cause for this problem is that the editor was opened in the wrong working directory, for example if you use sbt then the workspace directory should contain build.sbt. 
2026.01.12 12:40:21 WARN  Build server is not auto-connectable.
2026.01.12 12:40:21 WARN  no build target for: C:\Users\NUWAN CHANUKA\OneDrive\Documents\GitHub\SPS-Backend\Backend\sps\src\main\java\com\it\sps\repository\projection\PivAccountProjection.java
2026.01.12 12:40:22 WARN  Running javac-semanticdb failed for file:///C:/Users/NUWAN%20CHANUKA/OneDrive/Documents/GitHub/SPS-Backend/Backend/sps/src/main/java/com/it/sps/repository/projection/PivAccountProjection.java. Output:

2026.01.12 12:40:22 INFO  time: code lens generation in 1.44s
2026.01.12 12:40:28 INFO  no build target found for C:\Users\NUWAN CHANUKA\OneDrive\Documents\GitHub\SPS-Backend\Backend\sps\src\main\java\com\it\sps\repository\projection\PivAccountProjection.java. Using fallback presentation compiler.
2026.01.12 12:41:25 INFO  Shutting down server
2026.01.12 12:41:25 INFO  shutting down Metals
2026.01.12 12:41:25 INFO  Exiting server
2026.01.19 09:20:14 INFO  Started: Metals version 1.6.4 in folders 'C:\Users\NUWAN CHANUKA\OneDrive\Documents\GitHub\SPS-Backend' for client Visual Studio Code 1.108.1.
2026.01.19 09:20:15 WARN  Using H2 2.4.240 which is newer than the version Flyway has been verified with. The latest verified version of H2 is 2.3.232.
2026.01.19 09:20:16 INFO  no build target found for C:\Users\NUWAN CHANUKA\OneDrive\Documents\GitHub\SPS-Backend\Backend\sps\src\main\java\com\it\sps\repository\projection\PivAccountProjection.java. Using fallback presentation compiler.
2026.01.19 09:20:16 WARN  no build tool detected in workspace 'C:\Users\NUWAN CHANUKA\OneDrive\Documents\GitHub\SPS-Backend'. The most common cause for this problem is that the editor was opened in the wrong working directory, for example if you use sbt then the workspace directory should contain build.sbt. 
2026.01.19 09:20:16 WARN  Build server is not auto-connectable.
2026.01.19 09:20:16 WARN  no build target for: C:\Users\NUWAN CHANUKA\OneDrive\Documents\GitHub\SPS-Backend\Backend\sps\src\main\java\com\it\sps\repository\projection\PivAccountProjection.java
2026.01.19 09:20:18 WARN  Running javac-semanticdb failed for file:///C:/Users/NUWAN%20CHANUKA/OneDrive/Documents/GitHub/SPS-Backend/Backend/sps/src/main/java/com/it/sps/repository/projection/PivAccountProjection.java. Output:

2026.01.19 09:20:18 INFO  time: code lens generation in 1.33s
2026.01.19 09:20:24 INFO  no build target found for C:\Users\NUWAN CHANUKA\OneDrive\Documents\GitHub\SPS-Backend\Backend\sps\src\main\java\com\it\sps\repository\projection\PivAccountProjection.java. Using fallback presentation compiler.
2026.01.19 09:46:11 INFO  no build target found for C:\Users\NUWAN CHANUKA\OneDrive\Documents\GitHub\SPS-Backend\Backend\sps\src\main\java\com\it\sps\repository\projection\PivAccountProjection.java. Using fallback presentation compiler.
2026.01.19 09:46:11 WARN  no build target for: C:\Users\NUWAN CHANUKA\OneDrive\Documents\GitHub\SPS-Backend\Backend\sps\src\main\java\com\it\sps\controller\PivCostItemController.java
2026.01.19 09:46:11 INFO  no build target found for C:\Users\NUWAN CHANUKA\OneDrive\Documents\GitHub\SPS-Backend\Backend\sps\src\main\java\com\it\sps\controller\PivCostItemController.java. Using fallback presentation compiler.
2026.01.19 09:46:11 WARN  Running javac-semanticdb failed for file:///C:/Users/NUWAN%20CHANUKA/OneDrive/Documents/GitHub/SPS-Backend/Backend/sps/src/main/java/com/it/sps/controller/PivCostItemController.java. Output:

2026.01.19 09:46:12 INFO  no build target found for C:\Users\NUWAN CHANUKA\OneDrive\Documents\GitHub\SPS-Backend\Backend\sps\src\main\java\com\it\sps\controller\PivCostItemController.java. Using fallback presentation compiler.
2026.01.19 09:46:13 INFO  no build target found for C:\Users\NUWAN CHANUKA\OneDrive\Documents\GitHub\SPS-Backend\Backend\sps\src\main\java\com\it\sps\controller\PivCostItemController.java. Using fallback presentation compiler.
2026.01.19 09:46:51 WARN  no build target for: C:\Users\NUWAN CHANUKA\OneDrive\Documents\GitHub\SPS-Backend\Backend\sps\src\main\java\com\it\sps\config\SecurityConfig.java
2026.01.19 09:46:52 INFO  no build target found for C:\Users\NUWAN CHANUKA\OneDrive\Documents\GitHub\SPS-Backend\Backend\sps\src\main\java\com\it\sps\controller\PivCostItemController.java. Using fallback presentation compiler.
2026.01.19 09:46:52 WARN  Running javac-semanticdb failed for file:///C:/Users/NUWAN%20CHANUKA/OneDrive/Documents/GitHub/SPS-Backend/Backend/sps/src/main/java/com/it/sps/config/SecurityConfig.java. Output:

2026.01.19 09:46:54 INFO  no build target found for C:\Users\NUWAN CHANUKA\OneDrive\Documents\GitHub\SPS-Backend\Backend\sps\src\main\java\com\it\sps\config\SecurityConfig.java. Using fallback presentation compiler.
2026.01.19 09:46:57 INFO  no build target found for C:\Users\NUWAN CHANUKA\OneDrive\Documents\GitHub\SPS-Backend\Backend\sps\src\main\java\com\it\sps\config\SecurityConfig.java. Using fallback presentation compiler.
2026.01.19 09:46:57 WARN  no build target for: C:\Users\NUWAN CHANUKA\OneDrive\Documents\GitHub\SPS-Backend\Backend\sps\src\main\java\com\it\sps\config\SecurityConfig.java
2026.01.19 09:46:57 INFO  no build target found for C:\Users\NUWAN CHANUKA\OneDrive\Documents\GitHub\SPS-Backend\Backend\sps\src\main\java\com\it\sps\controller\PivCostItemController.java. Using fallback presentation compiler.
2026.01.19 09:46:57 WARN  Running javac-semanticdb failed for file:///C:/Users/NUWAN%20CHANUKA/OneDrive/Documents/GitHub/SPS-Backend/Backend/sps/src/main/java/com/it/sps/config/SecurityConfig.java. Output:

2026.01.19 09:46:59 INFO  no build target found for C:\Users\NUWAN CHANUKA\OneDrive\Documents\GitHub\SPS-Backend\Backend\sps\src\main\java\com\it\sps\config\SecurityConfig.java. Using fallback presentation compiler.
2026.01.19 09:47:08 INFO  no build target found for C:\Users\NUWAN CHANUKA\OneDrive\Documents\GitHub\SPS-Backend\Backend\sps\src\main\java\com\it\sps\controller\PivCostItemController.java. Using fallback presentation compiler.
2026.01.19 09:47:09 WARN  no build target for: C:\Users\NUWAN CHANUKA\OneDrive\Documents\GitHub\SPS-Backend\Backend\sps\src\main\java\com\it\sps\config\SecurityConfig.java
2026.01.19 09:47:08 INFO  no build target found for C:\Users\NUWAN CHANUKA\OneDrive\Documents\GitHub\SPS-Backend\Backend\sps\src\main\java\com\it\sps\config\SecurityConfig.java. Using fallback presentation compiler.
2026.01.19 09:47:09 INFO  no build target found for C:\Users\NUWAN CHANUKA\OneDrive\Documents\GitHub\SPS-Backend\Backend\sps\src\main\java\com\it\sps\config\SecurityConfig.java. Using fallback presentation compiler.
2026.01.19 10:03:06 INFO  no build target found for C:\Users\NUWAN CHANUKA\OneDrive\Documents\GitHub\SPS-Backend\Backend\sps\src\main\java\com\it\sps\config\SecurityConfig.java. Using fallback presentation compiler.
2026.01.19 10:04:07 WARN  no build target for: C:\Users\NUWAN CHANUKA\OneDrive\Documents\GitHub\SPS-Backend\Backend\sps\src\main\java\com\it\sps\controller\PivCostItemController.java
2026.01.19 10:04:07 WARN  Running javac-semanticdb failed for file:///C:/Users/NUWAN%20CHANUKA/OneDrive/Documents/GitHub/SPS-Backend/Backend/sps/src/main/java/com/it/sps/controller/PivCostItemController.java. Output:

2026.01.19 10:04:07 INFO  no build target found for C:\Users\NUWAN CHANUKA\OneDrive\Documents\GitHub\SPS-Backend\Backend\sps\src\main\java\com\it\sps\config\SecurityConfig.java. Using fallback presentation compiler.
2026.01.19 10:04:07 INFO  no build target found for C:\Users\NUWAN CHANUKA\OneDrive\Documents\GitHub\SPS-Backend\Backend\sps\src\main\java\com\it\sps\controller\PivCostItemController.java. Using fallback presentation compiler.
2026.01.19 10:04:08 WARN  no build target for: C:\Users\NUWAN CHANUKA\OneDrive\Documents\GitHub\SPS-Backend\Backend\sps\src\main\java\com\it\sps\controller\PivCostItemController.java
2026.01.19 10:04:08 INFO  no build target found for C:\Users\NUWAN CHANUKA\OneDrive\Documents\GitHub\SPS-Backend\Backend\sps\src\main\java\com\it\sps\config\SecurityConfig.java. Using fallback presentation compiler.
2026.01.19 10:04:07 WARN  Running javac-semanticdb failed for file:///C:/Users/NUWAN%20CHANUKA/OneDrive/Documents/GitHub/SPS-Backend/Backend/sps/src/main/java/com/it/sps/controller/PivCostItemController.java. Output:

2026.01.19 10:04:07 INFO  no build target found for C:\Users\NUWAN CHANUKA\OneDrive\Documents\GitHub\SPS-Backend\Backend\sps\src\main\java\com\it\sps\controller\PivCostItemController.java. Using fallback presentation compiler.
2026.01.19 10:05:03 INFO  Started: Metals version 1.6.4 in folders 'C:\Users\NUWAN CHANUKA\OneDrive\Documents\GitHub\SPS-Backend' for client Visual Studio Code 1.108.1.
2026.01.19 10:05:08 WARN  Using H2 2.4.240 which is newer than the version Flyway has been verified with. The latest verified version of H2 is 2.3.232.
2026.01.19 10:05:08 INFO  no build target found for C:\Users\NUWAN CHANUKA\OneDrive\Documents\GitHub\SPS-Backend\Backend\sps\src\main\java\com\it\sps\config\SecurityConfig.java. Using fallback presentation compiler.
2026.01.19 10:05:08 WARN  no build tool detected in workspace 'C:\Users\NUWAN CHANUKA\OneDrive\Documents\GitHub\SPS-Backend'. The most common cause for this problem is that the editor was opened in the wrong working directory, for example if you use sbt then the workspace directory should contain build.sbt. 
2026.01.19 10:05:08 WARN  Build server is not auto-connectable.
2026.01.19 10:05:09 WARN  no build target for: C:\Users\NUWAN CHANUKA\OneDrive\Documents\GitHub\SPS-Backend\Backend\sps\src\main\java\com\it\sps\config\SecurityConfig.java
2026.01.19 10:05:09 INFO  no build target found for C:\Users\NUWAN CHANUKA\OneDrive\Documents\GitHub\SPS-Backend\Backend\sps\src\main\java\com\it\sps\config\SecurityConfig.java. Using fallback presentation compiler.
2026.01.19 10:05:10 WARN  Running javac-semanticdb failed for file:///C:/Users/NUWAN%20CHANUKA/OneDrive/Documents/GitHub/SPS-Backend/Backend/sps/src/main/java/com/it/sps/config/SecurityConfig.java. Output:

2026.01.19 10:05:10 INFO  time: code lens generation in 2.03s
2026.01.19 10:05:35 WARN  no build target for: C:\Users\NUWAN CHANUKA\OneDrive\Documents\GitHub\SPS-Backend\Backend\sps\src\main\java\com\it\sps\controller\PivCostItemController.java
2026.01.19 10:05:35 WARN  Running javac-semanticdb failed for file:///C:/Users/NUWAN%20CHANUKA/OneDrive/Documents/GitHub/SPS-Backend/Backend/sps/src/main/java/com/it/sps/controller/PivCostItemController.java. Output:

2026.01.19 10:05:35 INFO  no build target found for C:\Users\NUWAN CHANUKA\OneDrive\Documents\GitHub\SPS-Backend\Backend\sps\src\main\java\com\it\sps\config\SecurityConfig.java. Using fallback presentation compiler.
2026.01.19 10:05:35 INFO  no build target found for C:\Users\NUWAN CHANUKA\OneDrive\Documents\GitHub\SPS-Backend\Backend\sps\src\main\java\com\it\sps\controller\PivCostItemController.java. Using fallback presentation compiler.
2026.01.19 10:05:35 WARN  no build target for: C:\Users\NUWAN CHANUKA\OneDrive\Documents\GitHub\SPS-Backend\Backend\sps\src\main\java\com\it\sps\controller\PivCostItemController.java
2026.01.19 10:05:35 INFO  no build target found for C:\Users\NUWAN CHANUKA\OneDrive\Documents\GitHub\SPS-Backend\Backend\sps\src\main\java\com\it\sps\config\SecurityConfig.java. Using fallback presentation compiler.
2026.01.19 10:05:35 WARN  Running javac-semanticdb failed for file:///C:/Users/NUWAN%20CHANUKA/OneDrive/Documents/GitHub/SPS-Backend/Backend/sps/src/main/java/com/it/sps/controller/PivCostItemController.java. Output:

2026.01.19 10:05:35 INFO  no build target found for C:\Users\NUWAN CHANUKA\OneDrive\Documents\GitHub\SPS-Backend\Backend\sps\src\main\java\com\it\sps\controller\PivCostItemController.java. Using fallback presentation compiler.
2026.01.19 10:08:27 INFO  no build target found for C:\Users\NUWAN CHANUKA\OneDrive\Documents\GitHub\SPS-Backend\Backend\sps\src\main\java\com\it\sps\config\SecurityConfig.java. Using fallback presentation compiler.
2026.01.19 10:08:27 INFO  no build target found for C:\Users\NUWAN CHANUKA\OneDrive\Documents\GitHub\SPS-Backend\Backend\sps\src\main\java\com\it\sps\config\SecurityConfig.java. Using fallback presentation compiler.
2026.01.19 10:08:32 WARN  no build target for: C:\Users\NUWAN CHANUKA\OneDrive\Documents\GitHub\SPS-Backend\Backend\sps\src\main\java\com\it\sps\controller\PivCostItemController.java
2026.01.19 10:08:32 INFO  no build target found for C:\Users\NUWAN CHANUKA\OneDrive\Documents\GitHub\SPS-Backend\Backend\sps\src\main\java\com\it\sps\controller\PivCostItemController.java. Using fallback presentation compiler.
2026.01.19 10:08:32 WARN  Running javac-semanticdb failed for file:///C:/Users/NUWAN%20CHANUKA/OneDrive/Documents/GitHub/SPS-Backend/Backend/sps/src/main/java/com/it/sps/controller/PivCostItemController.java. Output:

2026.01.19 10:08:33 INFO  no build target found for C:\Users\NUWAN CHANUKA\OneDrive\Documents\GitHub\SPS-Backend\Backend\sps\src\main\java\com\it\sps\controller\PivCostItemController.java. Using fallback presentation compiler.
2026.01.19 10:08:33 INFO  no build target found for C:\Users\NUWAN CHANUKA\OneDrive\Documents\GitHub\SPS-Backend\Backend\sps\src\main\java\com\it\sps\controller\PivCostItemController.java. Using fallback presentation compiler.
2026.01.19 10:08:34 INFO  no build target found for C:\Users\NUWAN CHANUKA\OneDrive\Documents\GitHub\SPS-Backend\Backend\sps\src\main\java\com\it\sps\controller\PivCostItemController.java. Using fallback presentation compiler.
Jan 19, 2026 10:08:34 AM org.eclipse.lsp4j.jsonrpc.RemoteEndpoint handleCancellation
WARNING: Unmatched cancel notification for request id 25
2026.01.19 10:08:39 INFO  no build target found for C:\Users\NUWAN CHANUKA\OneDrive\Documents\GitHub\SPS-Backend\Backend\sps\src\main\java\com\it\sps\controller\PivCostItemController.java. Using fallback presentation compiler.
2026.01.19 10:08:39 INFO  no build target found for C:\Users\NUWAN CHANUKA\OneDrive\Documents\GitHub\SPS-Backend\Backend\sps\src\main\java\com\it\sps\controller\PivCostItemController.java. Using fallback presentation compiler.
2026.01.19 10:08:40 INFO  no build target found for C:\Users\NUWAN CHANUKA\OneDrive\Documents\GitHub\SPS-Backend\Backend\sps\src\main\java\com\it\sps\controller\PivCostItemController.java. Using fallback presentation compiler.
2026.01.19 10:08:40 WARN  Running javac-semanticdb failed for file:///C:/Users/NUWAN%20CHANUKA/OneDrive/Documents/GitHub/SPS-Backend/Backend/sps/src/main/java/com/it/sps/controller/PivCostItemController.java. Output:

2026.01.19 10:08:41 WARN  no build target for: C:\Users\NUWAN CHANUKA\OneDrive\Documents\GitHub\SPS-Backend\Backend\sps\src\main\java\com\it\sps\controller\PivCostItemController.java
2026.01.19 10:08:41 INFO  no build target found for C:\Users\NUWAN CHANUKA\OneDrive\Documents\GitHub\SPS-Backend\Backend\sps\src\main\java\com\it\sps\controller\PivCostItemController.java. Using fallback presentation compiler.
2026.01.19 10:09:01 INFO  no build target found for C:\Users\NUWAN CHANUKA\OneDrive\Documents\GitHub\SPS-Backend\Backend\sps\src\main\java\com\it\sps\controller\PivCostItemController.java. Using fallback presentation compiler.
2026.01.19 10:09:01 INFO  no build target found for C:\Users\NUWAN CHANUKA\OneDrive\Documents\GitHub\SPS-Backend\Backend\sps\src\main\java\com\it\sps\controller\PivCostItemController.java. Using fallback presentation compiler.
2026.01.19 10:09:01 INFO  empty definition using pc, found symbol in pc: org/springframework/web/bind/annotation/RequestMapping# (full report at: "C:\Users\NUWAN CHANUKA\OneDrive\Documents\GitHub\SPS-Backend\.metals\.reports\metals-full\2026-01-19\r_empty-definition_10-09-01-501.md")
2026.01.19 10:09:01 INFO  Created report: Optional[file:///C:/Users/NUWAN%20CHANUKA/OneDrive/Documents/GitHub/SPS-Backend/Backend/sps/src/main/java/com/it/sps/controller/PivCostItemController.java]
2026.01.19 10:09:01 INFO  empty definition using pc, found symbol in pc: org/springframework/web/bind/annotation/RequestMapping# (full report at: "C:\Users\NUWAN CHANUKA\OneDrive\Documents\GitHub\SPS-Backend\.metals\.reports\metals-full\2026-01-19\r_empty-definition_10-09-01-501.md")
2026.01.19 10:09:02 INFO  no build target found for C:\Users\NUWAN CHANUKA\OneDrive\Documents\GitHub\SPS-Backend\Backend\sps\src\main\java\com\it\sps\controller\PivCostItemController.java. Using fallback presentation compiler.
2026.01.19 10:09:02 WARN  no build target for: C:\Users\NUWAN CHANUKA\OneDrive\Documents\GitHub\SPS-Backend\Backend\sps\src\main\java\com\it\sps\controller\PivCostItemController.java
2026.01.19 10:09:02 INFO  no build target found for C:\Users\NUWAN CHANUKA\OneDrive\Documents\GitHub\SPS-Backend\Backend\sps\src\main\java\com\it\sps\controller\PivCostItemController.java. Using fallback presentation compiler.
2026.01.19 10:09:02 INFO  no build target found for C:\Users\NUWAN CHANUKA\OneDrive\Documents\GitHub\SPS-Backend\Backend\sps\src\main\java\com\it\sps\controller\PivCostItemController.java. Using fallback presentation compiler.
2026.01.19 10:09:03 WARN  Running javac-semanticdb failed for file:///C:/Users/NUWAN%20CHANUKA/OneDrive/Documents/GitHub/SPS-Backend/Backend/sps/src/main/java/com/it/sps/controller/PivCostItemController.java. Output:

2026.01.19 10:09:03 INFO  no build target found for C:\Users\NUWAN CHANUKA\OneDrive\Documents\GitHub\SPS-Backend\Backend\sps\src\main\java\com\it\sps\controller\PivCostItemController.java. Using fallback presentation compiler.
2026.01.19 10:09:15 INFO  no build target found for C:\Users\NUWAN CHANUKA\OneDrive\Documents\GitHub\SPS-Backend\Backend\sps\src\main\java\com\it\sps\controller\PivCostItemController.java. Using fallback presentation compiler.
2026.01.19 10:09:25 WARN  no build target for: C:\Users\NUWAN CHANUKA\OneDrive\Documents\GitHub\SPS-Backend\Backend\sps\src\main\java\com\it\sps\controller\PivGenerateController.java
2026.01.19 10:09:25 INFO  no build target found for C:\Users\NUWAN CHANUKA\OneDrive\Documents\GitHub\SPS-Backend\Backend\sps\src\main\java\com\it\sps\controller\PivGenerateController.java. Using fallback presentation compiler.
2026.01.19 10:09:26 INFO  no build target found for C:\Users\NUWAN CHANUKA\OneDrive\Documents\GitHub\SPS-Backend\Backend\sps\src\main\java\com\it\sps\controller\PivGenerateController.java. Using fallback presentation compiler.
2026.01.19 10:09:26 WARN  Running javac-semanticdb failed for file:///C:/Users/NUWAN%20CHANUKA/OneDrive/Documents/GitHub/SPS-Backend/Backend/sps/src/main/java/com/it/sps/controller/PivGenerateController.java. Output:

2026.01.19 10:09:26 INFO  no build target found for C:\Users\NUWAN CHANUKA\OneDrive\Documents\GitHub\SPS-Backend\Backend\sps\src\main\java\com\it\sps\controller\PivGenerateController.java. Using fallback presentation compiler.
2026.01.19 10:09:27 INFO  no build target found for C:\Users\NUWAN CHANUKA\OneDrive\Documents\GitHub\SPS-Backend\Backend\sps\src\main\java\com\it\sps\controller\PivGenerateController.java. Using fallback presentation compiler.
2026.01.19 10:09:29 INFO  no build target found for C:\Users\NUWAN CHANUKA\OneDrive\Documents\GitHub\SPS-Backend\Backend\sps\src\main\java\com\it\sps\controller\PivGenerateController.java. Using fallback presentation compiler.
2026.01.19 10:09:43 WARN  no build target for: C:\Users\NUWAN CHANUKA\OneDrive\Documents\GitHub\SPS-Backend\Backend\sps\src\main\java\com\it\sps\controller\PivCostItemController.java
2026.01.19 10:09:43 INFO  no build target found for C:\Users\NUWAN CHANUKA\OneDrive\Documents\GitHub\SPS-Backend\Backend\sps\src\main\java\com\it\sps\controller\PivCostItemController.java. Using fallback presentation compiler.
2026.01.19 10:09:43 INFO  no build target found for C:\Users\NUWAN CHANUKA\OneDrive\Documents\GitHub\SPS-Backend\Backend\sps\src\main\java\com\it\sps\controller\PivCostItemController.java. Using fallback presentation compiler.
2026.01.19 10:09:44 INFO  no build target found for C:\Users\NUWAN CHANUKA\OneDrive\Documents\GitHub\SPS-Backend\Backend\sps\src\main\java\com\it\sps\controller\PivCostItemController.java. Using fallback presentation compiler.
2026.01.19 10:09:47 WARN  no build target for: C:\Users\NUWAN CHANUKA\OneDrive\Documents\GitHub\SPS-Backend\Backend\sps\src\main\java\com\it\sps\controller\PivGenerateController.java
2026.01.19 10:09:47 INFO  no build target found for C:\Users\NUWAN CHANUKA\OneDrive\Documents\GitHub\SPS-Backend\Backend\sps\src\main\java\com\it\sps\controller\PivGenerateController.java. Using fallback presentation compiler.
2026.01.19 10:09:47 INFO  no build target found for C:\Users\NUWAN CHANUKA\OneDrive\Documents\GitHub\SPS-Backend\Backend\sps\src\main\java\com\it\sps\controller\PivGenerateController.java. Using fallback presentation compiler.
2026.01.19 10:09:47 INFO  no build target found for C:\Users\NUWAN CHANUKA\OneDrive\Documents\GitHub\SPS-Backend\Backend\sps\src\main\java\com\it\sps\controller\PivGenerateController.java. Using fallback presentation compiler.
2026.01.19 10:09:53 INFO  no build target found for C:\Users\NUWAN CHANUKA\OneDrive\Documents\GitHub\SPS-Backend\Backend\sps\src\main\java\com\it\sps\controller\PivGenerateController.java. Using fallback presentation compiler.
2026.01.19 10:09:54 INFO  no build target found for C:\Users\NUWAN CHANUKA\OneDrive\Documents\GitHub\SPS-Backend\Backend\sps\src\main\java\com\it\sps\controller\PivGenerateController.java. Using fallback presentation compiler.
2026.01.19 10:09:55 INFO  no build target found for C:\Users\NUWAN CHANUKA\OneDrive\Documents\GitHub\SPS-Backend\Backend\sps\src\main\java\com\it\sps\controller\PivGenerateController.java. Using fallback presentation compiler.
2026.01.19 10:09:55 INFO  no build target found for C:\Users\NUWAN CHANUKA\OneDrive\Documents\GitHub\SPS-Backend\Backend\sps\src\main\java\com\it\sps\controller\PivGenerateController.java. Using fallback presentation compiler.
2026.01.19 10:14:33 INFO  no build target found for C:\Users\NUWAN CHANUKA\OneDrive\Documents\GitHub\SPS-Backend\Backend\sps\src\main\java\com\it\sps\controller\PivGenerateController.java. Using fallback presentation compiler.
2026.01.19 10:14:36 WARN  no build target for: C:\Users\NUWAN CHANUKA\OneDrive\Documents\GitHub\SPS-Backend\Backend\sps\src\main\java\com\it\sps\controller\PivCostItemController.java
2026.01.19 10:14:36 INFO  no build target found for C:\Users\NUWAN CHANUKA\OneDrive\Documents\GitHub\SPS-Backend\Backend\sps\src\main\java\com\it\sps\controller\PivCostItemController.java. Using fallback presentation compiler.
2026.01.19 10:14:36 INFO  no build target found for C:\Users\NUWAN CHANUKA\OneDrive\Documents\GitHub\SPS-Backend\Backend\sps\src\main\java\com\it\sps\controller\PivCostItemController.java. Using fallback presentation compiler.
2026.01.19 10:14:36 INFO  no build target found for C:\Users\NUWAN CHANUKA\OneDrive\Documents\GitHub\SPS-Backend\Backend\sps\src\main\java\com\it\sps\controller\PivCostItemController.java. Using fallback presentation compiler.
2026.01.19 10:14:42 INFO  no build target found for C:\Users\NUWAN CHANUKA\OneDrive\Documents\GitHub\SPS-Backend\Backend\sps\src\main\java\com\it\sps\controller\PivCostItemController.java. Using fallback presentation compiler.
2026.01.19 10:14:42 INFO  Created report: Optional[file:///C:/Users/NUWAN%20CHANUKA/OneDrive/Documents/GitHub/SPS-Backend/Backend/sps/src/main/java/com/it/sps/controller/PivCostItemController.java]
2026.01.19 10:14:42 INFO  empty definition using pc, found symbol in pc: _empty_/RequestBody# (full report at: "C:\Users\NUWAN CHANUKA\OneDrive\Documents\GitHub\SPS-Backend\.metals\.reports\metals-full\2026-01-19\r_empty-definition_10-14-42-781.md")
2026.01.19 10:14:42 INFO  no build target found for C:\Users\NUWAN CHANUKA\OneDrive\Documents\GitHub\SPS-Backend\Backend\sps\src\main\java\com\it\sps\controller\PivCostItemController.java. Using fallback presentation compiler.
2026.01.19 10:14:42 INFO  no build target found for C:\Users\NUWAN CHANUKA\OneDrive\Documents\GitHub\SPS-Backend\Backend\sps\src\main\java\com\it\sps\controller\PivCostItemController.java. Using fallback presentation compiler.
2026.01.19 10:14:43 INFO  no build target found for C:\Users\NUWAN CHANUKA\OneDrive\Documents\GitHub\SPS-Backend\Backend\sps\src\main\java\com\it\sps\controller\PivCostItemController.java. Using fallback presentation compiler.
2026.01.19 10:14:43 INFO  Created report: Optional[file:///C:/Users/NUWAN%20CHANUKA/OneDrive/Documents/GitHub/SPS-Backend/Backend/sps/src/main/java/com/it/sps/controller/PivCostItemController.java]
2026.01.19 10:14:43 INFO  empty definition using pc, found symbol in pc: _empty_/PivCostItem# (full report at: "C:\Users\NUWAN CHANUKA\OneDrive\Documents\GitHub\SPS-Backend\.metals\.reports\metals-full\2026-01-19\r_empty-definition_10-14-43-930.md")
2026.01.19 10:14:42 INFO  no build target found for C:\Users\NUWAN CHANUKA\OneDrive\Documents\GitHub\SPS-Backend\Backend\sps\src\main\java\com\it\sps\controller\PivCostItemController.java. Using fallback presentation compiler.
2026.01.19 10:14:44 WARN  no build target for: C:\Users\NUWAN CHANUKA\OneDrive\Documents\GitHub\SPS-Backend\Backend\sps\src\main\java\com\it\sps\entity\PivCostItem.java
2026.01.19 10:14:44 INFO  no build target found for C:\Users\NUWAN CHANUKA\OneDrive\Documents\GitHub\SPS-Backend\Backend\sps\src\main\java\com\it\sps\entity\PivCostItem.java. Using fallback presentation compiler.
2026.01.19 10:14:44 WARN  Running javac-semanticdb failed for file:///C:/Users/NUWAN%20CHANUKA/OneDrive/Documents/GitHub/SPS-Backend/Backend/sps/src/main/java/com/it/sps/entity/PivCostItem.java. Output:

Jan 19, 2026 10:14:44 AM org.eclipse.lsp4j.jsonrpc.RemoteEndpoint handleCancellation
WARNING: Unmatched cancel notification for request id 117
2026.01.19 10:14:44 INFO  no build target found for C:\Users\NUWAN CHANUKA\OneDrive\Documents\GitHub\SPS-Backend\Backend\sps\src\main\java\com\it\sps\controller\PivCostItemController.java. Using fallback presentation compiler.
2026.01.19 10:14:44 INFO  no build target found for C:\Users\NUWAN CHANUKA\OneDrive\Documents\GitHub\SPS-Backend\Backend\sps\src\main\java\com\it\sps\controller\PivCostItemController.java. Using fallback presentation compiler.
2026.01.19 10:14:45 INFO  no build target found for C:\Users\NUWAN CHANUKA\OneDrive\Documents\GitHub\SPS-Backend\Backend\sps\src\main\java\com\it\sps\controller\PivCostItemController.java. Using fallback presentation compiler.
2026.01.19 10:14:45 INFO  Created report: Optional[file:///C:/Users/NUWAN%20CHANUKA/OneDrive/Documents/GitHub/SPS-Backend/Backend/sps/src/main/java/com/it/sps/controller/PivCostItemController.java]
2026.01.19 10:14:45 INFO  empty definition using pc, found symbol in pc:  (full report at: "C:\Users\NUWAN CHANUKA\OneDrive\Documents\GitHub\SPS-Backend\.metals\.reports\metals-full\2026-01-19\r_empty-definition_10-14-45-411.md")
2026.01.19 10:14:45 INFO  no build target found for C:\Users\NUWAN CHANUKA\OneDrive\Documents\GitHub\SPS-Backend\Backend\sps\src\main\java\com\it\sps\controller\PivCostItemController.java. Using fallback presentation compiler.
2026.01.19 10:14:45 INFO  empty definition using pc, found symbol in pc:  (full report at: "C:\Users\NUWAN CHANUKA\OneDrive\Documents\GitHub\SPS-Backend\.metals\.reports\metals-full\2026-01-19\r_empty-definition_10-14-45-411.md")
2026.01.19 10:14:45 INFO  no build target found for C:\Users\NUWAN CHANUKA\OneDrive\Documents\GitHub\SPS-Backend\Backend\sps\src\main\java\com\it\sps\controller\PivCostItemController.java. Using fallback presentation compiler.
2026.01.19 10:14:46 INFO  no build target found for C:\Users\NUWAN CHANUKA\OneDrive\Documents\GitHub\SPS-Backend\Backend\sps\src\main\java\com\it\sps\controller\PivCostItemController.java. Using fallback presentation compiler.
2026.01.19 10:14:46 INFO  Created report: Optional[file:///C:/Users/NUWAN%20CHANUKA/OneDrive/Documents/GitHub/SPS-Backend/Backend/sps/src/main/java/com/it/sps/controller/PivCostItemController.java]
2026.01.19 10:14:46 INFO  empty definition using pc, found symbol in pc: _empty_/PostMapping# (full report at: "C:\Users\NUWAN CHANUKA\OneDrive\Documents\GitHub\SPS-Backend\.metals\.reports\metals-full\2026-01-19\r_empty-definition_10-14-46-727.md")
2026.01.19 10:14:49 INFO  no build target found for C:\Users\NUWAN CHANUKA\OneDrive\Documents\GitHub\SPS-Backend\Backend\sps\src\main\java\com\it\sps\controller\PivCostItemController.java. Using fallback presentation compiler.
2026.01.19 10:14:50 INFO  no build target found for C:\Users\NUWAN CHANUKA\OneDrive\Documents\GitHub\SPS-Backend\Backend\sps\src\main\java\com\it\sps\controller\PivCostItemController.java. Using fallback presentation compiler.
2026.01.19 10:14:50 INFO  no build target found for C:\Users\NUWAN CHANUKA\OneDrive\Documents\GitHub\SPS-Backend\Backend\sps\src\main\java\com\it\sps\controller\PivCostItemController.java. Using fallback presentation compiler.
2026.01.19 10:14:56 INFO  no build target found for C:\Users\NUWAN CHANUKA\OneDrive\Documents\GitHub\SPS-Backend\Backend\sps\src\main\java\com\it\sps\controller\PivCostItemController.java. Using fallback presentation compiler.
2026.01.19 10:14:56 INFO  no build target found for C:\Users\NUWAN CHANUKA\OneDrive\Documents\GitHub\SPS-Backend\Backend\sps\src\main\java\com\it\sps\controller\PivCostItemController.java. Using fallback presentation compiler.
2026.01.19 10:14:56 INFO  no build target found for C:\Users\NUWAN CHANUKA\OneDrive\Documents\GitHub\SPS-Backend\Backend\sps\src\main\java\com\it\sps\controller\PivCostItemController.java. Using fallback presentation compiler.
2026.01.19 10:14:57 INFO  no build target found for C:\Users\NUWAN CHANUKA\OneDrive\Documents\GitHub\SPS-Backend\Backend\sps\src\main\java\com\it\sps\controller\PivCostItemController.java. Using fallback presentation compiler.
2026.01.19 10:14:58 INFO  no build target found for C:\Users\NUWAN CHANUKA\OneDrive\Documents\GitHub\SPS-Backend\Backend\sps\src\main\java\com\it\sps\controller\PivCostItemController.java. Using fallback presentation compiler.
2026.01.19 10:15:20 WARN  no build target for: C:\Users\NUWAN CHANUKA\OneDrive\Documents\GitHub\SPS-Backend\Backend\sps\src\main\java\com\it\sps\dto\PivGenerateDto.java
2026.01.19 10:15:20 INFO  no build target found for C:\Users\NUWAN CHANUKA\OneDrive\Documents\GitHub\SPS-Backend\Backend\sps\src\main\java\com\it\sps\dto\PivGenerateDto.java. Using fallback presentation compiler.
2026.01.19 10:15:20 WARN  Running javac-semanticdb failed for file:///C:/Users/NUWAN%20CHANUKA/OneDrive/Documents/GitHub/SPS-Backend/Backend/sps/src/main/java/com/it/sps/dto/PivGenerateDto.java. Output:

2026.01.19 10:15:20 INFO  no build target found for C:\Users\NUWAN CHANUKA\OneDrive\Documents\GitHub\SPS-Backend\Backend\sps\src\main\java\com\it\sps\dto\PivGenerateDto.java. Using fallback presentation compiler.
2026.01.19 10:15:20 INFO  no build target found for C:\Users\NUWAN CHANUKA\OneDrive\Documents\GitHub\SPS-Backend\Backend\sps\src\main\java\com\it\sps\dto\PivGenerateDto.java. Using fallback presentation compiler.
2026.01.19 10:16:12 WARN  no build target for: C:\Users\NUWAN CHANUKA\OneDrive\Documents\GitHub\SPS-Backend\Backend\sps\src\main\java\com\it\sps\entity\PivCostItem.java
2026.01.19 10:16:12 INFO  no build target found for C:\Users\NUWAN CHANUKA\OneDrive\Documents\GitHub\SPS-Backend\Backend\sps\src\main\java\com\it\sps\entity\PivCostItem.java. Using fallback presentation compiler.
2026.01.19 10:16:12 WARN  Running javac-semanticdb failed for file:///C:/Users/NUWAN%20CHANUKA/OneDrive/Documents/GitHub/SPS-Backend/Backend/sps/src/main/java/com/it/sps/entity/PivCostItem.java. Output:

2026.01.19 10:16:12 INFO  no build target found for C:\Users\NUWAN CHANUKA\OneDrive\Documents\GitHub\SPS-Backend\Backend\sps\src\main\java\com\it\sps\entity\PivCostItem.java. Using fallback presentation compiler.
2026.01.19 10:16:13 INFO  no build target found for C:\Users\NUWAN CHANUKA\OneDrive\Documents\GitHub\SPS-Backend\Backend\sps\src\main\java\com\it\sps\entity\PivCostItem.java. Using fallback presentation compiler.
2026.01.19 10:16:37 WARN  no build target for: C:\Users\NUWAN CHANUKA\OneDrive\Documents\GitHub\SPS-Backend\Backend\sps\src\main\java\com\it\sps\controller\PivCostItemController.java
2026.01.19 10:16:37 INFO  no build target found for C:\Users\NUWAN CHANUKA\OneDrive\Documents\GitHub\SPS-Backend\Backend\sps\src\main\java\com\it\sps\controller\PivCostItemController.java. Using fallback presentation compiler.
2026.01.19 10:16:37 INFO  no build target found for C:\Users\NUWAN CHANUKA\OneDrive\Documents\GitHub\SPS-Backend\Backend\sps\src\main\java\com\it\sps\controller\PivCostItemController.java. Using fallback presentation compiler.
2026.01.19 10:16:37 INFO  no build target found for C:\Users\NUWAN CHANUKA\OneDrive\Documents\GitHub\SPS-Backend\Backend\sps\src\main\java\com\it\sps\controller\PivCostItemController.java. Using fallback presentation compiler.
2026.01.19 10:16:40 INFO  no build target found for C:\Users\NUWAN CHANUKA\OneDrive\Documents\GitHub\SPS-Backend\Backend\sps\src\main\java\com\it\sps\controller\PivCostItemController.java. Using fallback presentation compiler.
2026.01.19 10:17:04 WARN  no build target for: C:\Users\NUWAN CHANUKA\OneDrive\Documents\GitHub\SPS-Backend\Backend\sps\src\main\java\com\it\sps\entity\PivCostItem.java
2026.01.19 10:17:04 INFO  no build target found for C:\Users\NUWAN CHANUKA\OneDrive\Documents\GitHub\SPS-Backend\Backend\sps\src\main\java\com\it\sps\entity\PivCostItem.java. Using fallback presentation compiler.
2026.01.19 10:17:05 INFO  no build target found for C:\Users\NUWAN CHANUKA\OneDrive\Documents\GitHub\SPS-Backend\Backend\sps\src\main\java\com\it\sps\entity\PivCostItem.java. Using fallback presentation compiler.
2026.01.19 10:17:06 INFO  no build target found for C:\Users\NUWAN CHANUKA\OneDrive\Documents\GitHub\SPS-Backend\Backend\sps\src\main\java\com\it\sps\entity\PivCostItem.java. Using fallback presentation compiler.
2026.01.19 10:17:07 INFO  no build target found for C:\Users\NUWAN CHANUKA\OneDrive\Documents\GitHub\SPS-Backend\Backend\sps\src\main\java\com\it\sps\entity\PivCostItem.java. Using fallback presentation compiler.
2026.01.19 10:17:18 INFO  no build target found for C:\Users\NUWAN CHANUKA\OneDrive\Documents\GitHub\SPS-Backend\Backend\sps\src\main\java\com\it\sps\entity\PivCostItem.java. Using fallback presentation compiler.
2026.01.19 10:17:40 WARN  no build target for: C:\Users\NUWAN CHANUKA\OneDrive\Documents\GitHub\SPS-Backend\Backend\sps\src\main\java\com\it\sps\repository\PivCostItemRepository.java
2026.01.19 10:17:40 INFO  no build target found for C:\Users\NUWAN CHANUKA\OneDrive\Documents\GitHub\SPS-Backend\Backend\sps\src\main\java\com\it\sps\repository\PivCostItemRepository.java. Using fallback presentation compiler.
2026.01.19 10:17:40 WARN  Running javac-semanticdb failed for file:///C:/Users/NUWAN%20CHANUKA/OneDrive/Documents/GitHub/SPS-Backend/Backend/sps/src/main/java/com/it/sps/repository/PivCostItemRepository.java. Output:

2026.01.19 10:17:40 INFO  no build target found for C:\Users\NUWAN CHANUKA\OneDrive\Documents\GitHub\SPS-Backend\Backend\sps\src\main\java\com\it\sps\repository\PivCostItemRepository.java. Using fallback presentation compiler.
2026.01.19 10:17:41 INFO  no build target found for C:\Users\NUWAN CHANUKA\OneDrive\Documents\GitHub\SPS-Backend\Backend\sps\src\main\java\com\it\sps\repository\PivCostItemRepository.java. Using fallback presentation compiler.
2026.01.19 10:17:42 INFO  no build target found for C:\Users\NUWAN CHANUKA\OneDrive\Documents\GitHub\SPS-Backend\Backend\sps\src\main\java\com\it\sps\repository\PivCostItemRepository.java. Using fallback presentation compiler.
2026.01.19 10:17:58 INFO  no build target found for C:\Users\NUWAN CHANUKA\OneDrive\Documents\GitHub\SPS-Backend\Backend\sps\src\main\java\com\it\sps\repository\PivCostItemRepository.java. Using fallback presentation compiler.
2026.01.19 10:17:58 WARN  no build target for: C:\Users\NUWAN CHANUKA\OneDrive\Documents\GitHub\SPS-Backend\Backend\sps\src\main\java\com\it\sps\service\PivCostItemService.java
2026.01.19 10:17:58 INFO  no build target found for C:\Users\NUWAN CHANUKA\OneDrive\Documents\GitHub\SPS-Backend\Backend\sps\src\main\java\com\it\sps\service\PivCostItemService.java. Using fallback presentation compiler.
2026.01.19 10:17:58 WARN  Running javac-semanticdb failed for file:///C:/Users/NUWAN%20CHANUKA/OneDrive/Documents/GitHub/SPS-Backend/Backend/sps/src/main/java/com/it/sps/service/PivCostItemService.java. Output:

2026.01.19 10:17:58 INFO  no build target found for C:\Users\NUWAN CHANUKA\OneDrive\Documents\GitHub\SPS-Backend\Backend\sps\src\main\java\com\it\sps\service\PivCostItemService.java. Using fallback presentation compiler.
2026.01.19 10:17:58 INFO  no build target found for C:\Users\NUWAN CHANUKA\OneDrive\Documents\GitHub\SPS-Backend\Backend\sps\src\main\java\com\it\sps\service\PivCostItemService.java. Using fallback presentation compiler.
2026.01.19 10:18:00 INFO  no build target found for C:\Users\NUWAN CHANUKA\OneDrive\Documents\GitHub\SPS-Backend\Backend\sps\src\main\java\com\it\sps\service\PivCostItemService.java. Using fallback presentation compiler.
2026.01.19 10:26:52 INFO  no build target found for C:\Users\NUWAN CHANUKA\OneDrive\Documents\GitHub\SPS-Backend\Backend\sps\src\main\java\com\it\sps\controller\PivCostItemController.java. Using fallback presentation compiler.
2026.01.19 10:42:04 INFO  no build target found for C:\Users\NUWAN CHANUKA\OneDrive\Documents\GitHub\SPS-Backend\Backend\sps\src\main\java\com\it\sps\service\PivCostItemService.java. Using fallback presentation compiler.
2026.01.19 10:42:13 WARN  no build target for: C:\Users\NUWAN CHANUKA\OneDrive\Documents\GitHub\SPS-Backend\Backend\sps\src\main\java\com\it\sps\entity\PivCostItem.java
2026.01.19 10:42:13 INFO  no build target found for C:\Users\NUWAN CHANUKA\OneDrive\Documents\GitHub\SPS-Backend\Backend\sps\src\main\java\com\it\sps\entity\PivCostItem.java. Using fallback presentation compiler.
2026.01.19 10:42:14 INFO  no build target found for C:\Users\NUWAN CHANUKA\OneDrive\Documents\GitHub\SPS-Backend\Backend\sps\src\main\java\com\it\sps\entity\PivCostItem.java. Using fallback presentation compiler.
2026.01.19 10:42:13 INFO  no build target found for C:\Users\NUWAN CHANUKA\OneDrive\Documents\GitHub\SPS-Backend\Backend\sps\src\main\java\com\it\sps\entity\PivCostItem.java. Using fallback presentation compiler.
2026.01.19 10:42:14 INFO  no build target found for C:\Users\NUWAN CHANUKA\OneDrive\Documents\GitHub\SPS-Backend\Backend\sps\src\main\java\com\it\sps\entity\PivCostItem.java. Using fallback presentation compiler.
2026.01.19 10:42:19 INFO  no build target found for C:\Users\NUWAN CHANUKA\OneDrive\Documents\GitHub\SPS-Backend\Backend\sps\src\main\java\com\it\sps\entity\PivCostItem.java. Using fallback presentation compiler.
2026.01.19 10:42:27 WARN  no build target for: C:\Users\NUWAN CHANUKA\OneDrive\Documents\GitHub\SPS-Backend\Backend\sps\src\main\java\com\it\sps\controller\PivCostItemController.java
2026.01.19 10:42:27 INFO  no build target found for C:\Users\NUWAN CHANUKA\OneDrive\Documents\GitHub\SPS-Backend\Backend\sps\src\main\java\com\it\sps\controller\PivCostItemController.java. Using fallback presentation compiler.
2026.01.19 10:42:27 INFO  no build target found for C:\Users\NUWAN CHANUKA\OneDrive\Documents\GitHub\SPS-Backend\Backend\sps\src\main\java\com\it\sps\controller\PivCostItemController.java. Using fallback presentation compiler.
2026.01.19 10:42:27 INFO  no build target found for C:\Users\NUWAN CHANUKA\OneDrive\Documents\GitHub\SPS-Backend\Backend\sps\src\main\java\com\it\sps\controller\PivCostItemController.java. Using fallback presentation compiler.
2026.01.19 10:42:27 WARN  Running javac-semanticdb failed for file:///C:/Users/NUWAN%20CHANUKA/OneDrive/Documents/GitHub/SPS-Backend/Backend/sps/src/main/java/com/it/sps/controller/PivCostItemController.java. Output:

2026.01.19 10:42:29 INFO  no build target found for C:\Users\NUWAN CHANUKA\OneDrive\Documents\GitHub\SPS-Backend\Backend\sps\src\main\java\com\it\sps\controller\PivCostItemController.java. Using fallback presentation compiler.
2026.01.19 10:42:29 INFO  no build target found for C:\Users\NUWAN CHANUKA\OneDrive\Documents\GitHub\SPS-Backend\Backend\sps\src\main\java\com\it\sps\controller\PivCostItemController.java. Using fallback presentation compiler.
2026.01.19 10:42:31 INFO  no build target found for C:\Users\NUWAN CHANUKA\OneDrive\Documents\GitHub\SPS-Backend\Backend\sps\src\main\java\com\it\sps\controller\PivCostItemController.java. Using fallback presentation compiler.
2026.01.19 10:42:31 INFO  no build target found for C:\Users\NUWAN CHANUKA\OneDrive\Documents\GitHub\SPS-Backend\Backend\sps\src\main\java\com\it\sps\controller\PivCostItemController.java. Using fallback presentation compiler.
2026.01.19 10:42:31 INFO  no build target found for C:\Users\NUWAN CHANUKA\OneDrive\Documents\GitHub\SPS-Backend\Backend\sps\src\main\java\com\it\sps\controller\PivCostItemController.java. Using fallback presentation compiler.
2026.01.19 10:42:31 INFO  no build target found for C:\Users\NUWAN CHANUKA\OneDrive\Documents\GitHub\SPS-Backend\Backend\sps\src\main\java\com\it\sps\controller\PivCostItemController.java. Using fallback presentation compiler.
2026.01.19 10:42:31 WARN  Running javac-semanticdb failed for file:///C:/Users/NUWAN%20CHANUKA/OneDrive/Documents/GitHub/SPS-Backend/Backend/sps/src/main/java/com/it/sps/controller/PivCostItemController.java. Output:

2026.01.19 10:42:31 INFO  no build target found for C:\Users\NUWAN CHANUKA\OneDrive\Documents\GitHub\SPS-Backend\Backend\sps\src\main\java\com\it\sps\controller\PivCostItemController.java. Using fallback presentation compiler.
2026.01.19 10:42:31 INFO  no build target found for C:\Users\NUWAN CHANUKA\OneDrive\Documents\GitHub\SPS-Backend\Backend\sps\src\main\java\com\it\sps\controller\PivCostItemController.java. Using fallback presentation compiler.
2026.01.19 10:42:32 INFO  no build target found for C:\Users\NUWAN CHANUKA\OneDrive\Documents\GitHub\SPS-Backend\Backend\sps\src\main\java\com\it\sps\controller\PivCostItemController.java. Using fallback presentation compiler.
2026.01.19 10:42:31 WARN  Running javac-semanticdb failed for file:///C:/Users/NUWAN%20CHANUKA/OneDrive/Documents/GitHub/SPS-Backend/Backend/sps/src/main/java/com/it/sps/controller/PivCostItemController.java. Output:

2026.01.19 10:42:31 INFO  no build target found for C:\Users\NUWAN CHANUKA\OneDrive\Documents\GitHub\SPS-Backend\Backend\sps\src\main\java\com\it\sps\controller\PivCostItemController.java. Using fallback presentation compiler.
2026.01.19 10:42:32 INFO  no build target found for C:\Users\NUWAN CHANUKA\OneDrive\Documents\GitHub\SPS-Backend\Backend\sps\src\main\java\com\it\sps\controller\PivCostItemController.java. Using fallback presentation compiler.
2026.01.19 10:42:32 WARN  Running javac-semanticdb failed for file:///C:/Users/NUWAN%20CHANUKA/OneDrive/Documents/GitHub/SPS-Backend/Backend/sps/src/main/java/com/it/sps/controller/PivCostItemController.java. Output:

2026.01.19 10:42:32 INFO  no build target found for C:\Users\NUWAN CHANUKA\OneDrive\Documents\GitHub\SPS-Backend\Backend\sps\src\main\java\com\it\sps\controller\PivCostItemController.java. Using fallback presentation compiler.
2026.01.19 10:42:33 WARN  no build target for: C:\Users\NUWAN CHANUKA\OneDrive\Documents\GitHub\SPS-Backend\Backend\sps\src\main\java\com\it\sps\controller\PivCostItemController.java
2026.01.19 10:42:33 INFO  no build target found for C:\Users\NUWAN CHANUKA\OneDrive\Documents\GitHub\SPS-Backend\Backend\sps\src\main\java\com\it\sps\controller\PivCostItemController.java. Using fallback presentation compiler.
2026.01.22 09:36:35 INFO  Started: Metals version 1.6.4 in folders 'C:\Users\NUWAN CHANUKA\OneDrive\Documents\GitHub\SPS-Backend' for client Visual Studio Code 1.108.1.
2026.01.22 09:36:40 WARN  Using H2 2.4.240 which is newer than the version Flyway has been verified with. The latest verified version of H2 is 2.3.232.
2026.01.22 09:36:40 INFO  no build target found for C:\Users\NUWAN CHANUKA\OneDrive\Documents\GitHub\SPS-Backend\Backend\sps\src\main\java\com\it\sps\controller\PivCostItemController.java. Using fallback presentation compiler.
2026.01.22 09:36:42 INFO  no build target found for C:\Users\NUWAN CHANUKA\OneDrive\Documents\GitHub\SPS-Backend\Backend\sps\src\main\java\com\it\sps\controller\PivCostItemController.java. Using fallback presentation compiler.
2026.01.22 09:36:42 WARN  no build tool detected in workspace 'C:\Users\NUWAN CHANUKA\OneDrive\Documents\GitHub\SPS-Backend'. The most common cause for this problem is that the editor was opened in the wrong working directory, for example if you use sbt then the workspace directory should contain build.sbt. 
2026.01.22 09:36:42 WARN  Build server is not auto-connectable.
2026.01.22 09:36:42 WARN  no build target for: C:\Users\NUWAN CHANUKA\OneDrive\Documents\GitHub\SPS-Backend\Backend\sps\src\main\java\com\it\sps\controller\PivCostItemController.java
2026.01.22 09:36:43 WARN  Running javac-semanticdb failed for file:///C:/Users/NUWAN%20CHANUKA/OneDrive/Documents/GitHub/SPS-Backend/Backend/sps/src/main/java/com/it/sps/controller/PivCostItemController.java. Output:

2026.01.22 09:36:43 INFO  time: code lens generation in 1.22s
2026.01.22 09:36:46 INFO  no build target found for C:\Users\NUWAN CHANUKA\OneDrive\Documents\GitHub\SPS-Backend\Backend\sps\src\main\java\com\it\sps\controller\PivCostItemController.java. Using fallback presentation compiler.
2026.01.22 09:36:46 INFO  no build target found for C:\Users\NUWAN CHANUKA\OneDrive\Documents\GitHub\SPS-Backend\Backend\sps\src\main\java\com\it\sps\controller\PivCostItemController.java. Using fallback presentation compiler.
2026.01.22 09:36:48 INFO  no build target found for C:\Users\NUWAN CHANUKA\OneDrive\Documents\GitHub\SPS-Backend\Backend\sps\src\main\java\com\it\sps\controller\PivCostItemController.java. Using fallback presentation compiler.
2026.01.22 09:37:21 INFO  no build target found for C:\Users\NUWAN CHANUKA\OneDrive\Documents\GitHub\SPS-Backend\Backend\sps\src\main\java\com\it\sps\controller\PivCostItemController.java. Using fallback presentation compiler.
2026.01.22 14:52:24 INFO  no build target found for C:\Users\NUWAN CHANUKA\OneDrive\Documents\GitHub\SPS-Backend\Backend\sps\src\main\java\com\it\sps\controller\PivCostItemController.java. Using fallback presentation compiler.
2026.01.22 14:52:28 INFO  no build target found for C:\Users\NUWAN CHANUKA\OneDrive\Documents\GitHub\SPS-Backend\Backend\sps\src\main\java\com\it\sps\controller\PivCostItemController.java. Using fallback presentation compiler.
Jan 22, 2026 2:52:28 PM org.eclipse.lsp4j.jsonrpc.RemoteEndpoint handleCancellation
WARNING: Unmatched cancel notification for request id 20
2026.01.22 17:07:08 INFO  no build target found for C:\Users\NUWAN CHANUKA\OneDrive\Documents\GitHub\SPS-Backend\Backend\sps\src\main\java\com\it\sps\controller\PivCostItemController.java. Using fallback presentation compiler.
2026.01.22 17:07:08 INFO  no build target found for C:\Users\NUWAN CHANUKA\OneDrive\Documents\GitHub\SPS-Backend\Backend\sps\src\main\java\com\it\sps\controller\PivCostItemController.java. Using fallback presentation compiler.
Jan 22, 2026 5:07:09 PM org.eclipse.lsp4j.jsonrpc.RemoteEndpoint handleCancellation
WARNING: Unmatched cancel notification for request id 26
Jan 22, 2026 5:07:09 PM org.eclipse.lsp4j.jsonrpc.RemoteEndpoint handleCancellation
WARNING: Unmatched cancel notification for request id 27
2026.01.22 17:07:08 INFO  no build target found for C:\Users\NUWAN CHANUKA\OneDrive\Documents\GitHub\SPS-Backend\Backend\sps\src\main\java\com\it\sps\controller\PivCostItemController.java. Using fallback presentation compiler.
Jan 26, 2026 11:00:10 AM org.eclipse.lsp4j.jsonrpc.services.GenericEndpoint notify
INFO: Unsupported notification method: $/setTrace
Jan 28, 2026 10:50:27 AM org.eclipse.lsp4j.jsonrpc.services.GenericEndpoint notify
INFO: Unsupported notification method: $/setTrace
